\BOOKMARK [0][-]{chapter*.2}{\376\377\000I\000n\000t\000r\000o\000d\000u\000z\000i\000o\000n\000e\000\040\000a\000l\000\040\000C\000o\000r\000s\000o\000\040\000e\000\040\000S\000t\000r\000u\000m\000e\000n\000t\000i\000\040\000d\000i\000\040\000S\000v\000i\000l\000u\000p\000p\000o}{}% 1
\BOOKMARK [1][-]{section.0.1}{\376\377\000O\000b\000i\000e\000t\000t\000i\000v\000i\000\040\000d\000e\000l\000\040\000C\000o\000r\000s\000o}{chapter*.2}% 2
\BOOKMARK [1][-]{section.0.2}{\376\377\000O\000b\000i\000e\000t\000t\000i\000v\000i\000\040\000d\000e\000l\000l\000a\000\040\000L\000e\000z\000i\000o\000n\000e}{chapter*.2}% 3
\BOOKMARK [0][-]{chapter.1}{\376\377\000L\000'\000A\000r\000c\000h\000i\000t\000e\000t\000t\000u\000r\000a\000\040\000d\000e\000l\000\040\000W\000e\000b\000\040\000e\000\040\000i\000l\000\040\000M\000o\000d\000e\000l\000l\000o\000\040\000C\000l\000i\000e\000n\000t\000-\000S\000e\000r\000v\000e\000r}{}% 4
\BOOKMARK [1][-]{section.1.1}{\376\377\000I\000l\000\040\000M\000o\000d\000e\000l\000l\000o\000\040\000A\000r\000c\000h\000i\000t\000e\000t\000t\000u\000r\000a\000l\000e\000\040\000C\000l\000i\000e\000n\000t\000-\000S\000e\000r\000v\000e\000r}{chapter.1}% 5
\BOOKMARK [1][-]{section.1.2}{\376\377\000L\000o\000c\000a\000l\000i\000z\000z\000a\000r\000e\000\040\000l\000e\000\040\000R\000i\000s\000o\000r\000s\000e\000:\000\040\000I\000n\000d\000i\000r\000i\000z\000z\000i\000\040\000I\000P\000\040\000e\000\040\000U\000R\000L}{chapter.1}% 6
\BOOKMARK [1][-]{section.1.3}{\376\377\000I\000l\000\040\000S\000i\000s\000t\000e\000m\000a\000\040\000D\000N\000S\000\040\000\050\000D\000o\000m\000a\000i\000n\000\040\000N\000a\000m\000e\000\040\000S\000y\000s\000t\000e\000m\000\051}{chapter.1}% 7
\BOOKMARK [1][-]{section.1.4}{\376\377\000I\000l\000\040\000P\000r\000o\000t\000o\000c\000o\000l\000l\000o\000\040\000H\000T\000T\000P\000\040\000\050\000H\000y\000p\000e\000r\000T\000e\000x\000t\000\040\000T\000r\000a\000n\000s\000f\000e\000r\000\040\000P\000r\000o\000t\000o\000c\000o\000l\000\051}{chapter.1}% 8
\BOOKMARK [2][-]{subsection.1.4.1}{\376\377\000A\000n\000a\000t\000o\000m\000i\000a\000\040\000d\000i\000\040\000u\000n\000a\000\040\000R\000i\000c\000h\000i\000e\000s\000t\000a\000\040\000H\000T\000T\000P}{section.1.4}% 9
\BOOKMARK [2][-]{subsection.1.4.2}{\376\377\000A\000n\000a\000t\000o\000m\000i\000a\000\040\000d\000i\000\040\000u\000n\000a\000\040\000R\000i\000s\000p\000o\000s\000t\000a\000\040\000H\000T\000T\000P}{section.1.4}% 10
\BOOKMARK [1][-]{section.1.5}{\376\377\000I\000n\000t\000e\000r\000a\000z\000i\000o\000n\000e\000\040\000c\000o\000n\000\040\000i\000l\000\040\000B\000r\000o\000w\000s\000e\000r\000:\000\040\000A\000P\000I\000\040\000S\000i\000n\000c\000r\000o\000n\000e\000\040\000v\000s\000\040\000A\000s\000i\000n\000c\000r\000o\000n\000e}{chapter.1}% 11
\BOOKMARK [2][-]{subsection.1.5.1}{\376\377\000A\000P\000I\000\040\000S\000i\000n\000c\000r\000o\000n\000e\000\040\000\050\000B\000l\000o\000c\000k\000i\000n\000g\000\051}{section.1.5}% 12
\BOOKMARK [2][-]{subsection.1.5.2}{\376\377\000A\000P\000I\000\040\000A\000s\000i\000n\000c\000r\000o\000n\000e\000\040\000\050\000N\000o\000n\000-\000b\000l\000o\000c\000k\000i\000n\000g\000\051}{section.1.5}% 13
\BOOKMARK [1][-]{section.1.6}{\376\377\000L\000'\000E\000v\000o\000l\000u\000z\000i\000o\000n\000e\000\040\000d\000e\000l\000\040\000P\000r\000o\000t\000o\000c\000o\000l\000l\000o\000\040\000H\000T\000T\000P}{chapter.1}% 14
\BOOKMARK [2][-]{subsection.1.6.1}{\376\377\000H\000T\000T\000P\000/\0000\000.\0009\000\040\000\050\0001\0009\0009\0001\000\051\000\040\000-\000\040\000T\000h\000e\000\040\000O\000n\000e\000-\000L\000i\000n\000e\000\040\000P\000r\000o\000t\000o\000c\000o\000l}{section.1.6}% 15
\BOOKMARK [2][-]{subsection.1.6.2}{\376\377\000H\000T\000T\000P\000/\0001\000.\0000\000\040\000\050\0001\0009\0009\0006\000\051\000\040\000-\000\040\000L\000'\000E\000s\000p\000a\000n\000s\000i\000o\000n\000e}{section.1.6}% 16
\BOOKMARK [2][-]{subsection.1.6.3}{\376\377\000H\000T\000T\000P\000/\0001\000.\0001\000\040\000\050\0001\0009\0009\0007\000\051\000\040\000-\000\040\000L\000'\000O\000t\000t\000i\000m\000i\000z\000z\000a\000z\000i\000o\000n\000e}{section.1.6}% 17
\BOOKMARK [0][-]{chapter.2}{\376\377\000S\000e\000t\000u\000p\000\040\000d\000e\000l\000l\000'\000A\000m\000b\000i\000e\000n\000t\000e\000\040\000d\000i\000\040\000L\000a\000v\000o\000r\000o}{}% 18
\BOOKMARK [1][-]{section.2.1}{\376\377\000L\000'\000E\000d\000i\000t\000o\000r\000\040\000d\000i\000\040\000C\000o\000d\000i\000c\000e\000:\000\040\000V\000i\000s\000u\000a\000l\000\040\000S\000t\000u\000d\000i\000o\000\040\000C\000o\000d\000e}{chapter.2}% 19
\BOOKMARK [2][-]{subsection.2.1.1}{\376\377\000E\000s\000t\000e\000n\000s\000i\000o\000n\000i\000\040\000C\000o\000n\000s\000i\000g\000l\000i\000a\000t\000e}{section.2.1}% 20
\BOOKMARK [1][-]{section.2.2}{\376\377\000I\000l\000\040\000C\000o\000n\000t\000r\000o\000l\000l\000o\000\040\000d\000i\000\040\000V\000e\000r\000s\000i\000o\000n\000e\000:\000\040\000G\000i\000t}{chapter.2}% 21
\BOOKMARK [2][-]{subsection.2.2.1}{\376\377\000I\000n\000s\000t\000a\000l\000l\000a\000z\000i\000o\000n\000e\000\040\000d\000i\000\040\000G\000i\000t}{section.2.2}% 22
\BOOKMARK [2][-]{subsection.2.2.2}{\376\377\000G\000i\000t\000:\000\040\000U\000n\000\040\000S\000i\000s\000t\000e\000m\000a\000\040\000D\000i\000s\000t\000r\000i\000b\000u\000i\000t\000o}{section.2.2}% 23
\BOOKMARK [2][-]{subsection.2.2.3}{\376\377\000I\000l\000\040\000W\000o\000r\000k\000f\000l\000o\000w\000\040\000d\000i\000\040\000G\000i\000t\000:\000\040\000C\000o\000n\000c\000e\000t\000t\000i\000\040\000B\000a\000s\000e\000\040\000e\000d\000\040\000E\000s\000e\000m\000p\000i}{section.2.2}% 24
\BOOKMARK [2][-]{subsection.2.2.4}{\376\377\000R\000i\000s\000o\000r\000s\000e\000\040\000p\000e\000r\000\040\000A\000p\000p\000r\000o\000f\000o\000n\000d\000i\000r\000e}{section.2.2}% 25
\BOOKMARK [0][-]{chapter.3}{\376\377\000L\000a\000b\000o\000r\000a\000t\000o\000r\000i\000o\000:\000\040\000P\000r\000i\000m\000i\000\040\000P\000a\000s\000s\000i\000\040\000n\000e\000l\000\040\000F\000r\000o\000n\000t\000e\000n\000d}{}% 26
\BOOKMARK [1][-]{section.3.1}{\376\377\000E\000s\000e\000r\000c\000i\000z\000i\000\040\000G\000u\000i\000d\000a\000t\000i}{chapter.3}% 27
\BOOKMARK [2][-]{subsection.3.1.1}{\376\377\000E\000s\000e\000r\000c\000i\000z\000i\000o\000\040\0001\000:\000\040\000I\000l\000\040\000b\000r\000o\000w\000s\000e\000r\000\040\000c\000o\000m\000e\000\040\000i\000n\000t\000e\000r\000p\000r\000e\000t\000e}{section.3.1}% 28
\BOOKMARK [2][-]{subsection.3.1.2}{\376\377\000E\000s\000e\000r\000c\000i\000z\000i\000o\000\040\0002\000:\000\040\000M\000a\000n\000i\000p\000o\000l\000a\000z\000i\000o\000n\000e\000\040\000d\000e\000l\000\040\000D\000O\000M}{section.3.1}% 29
\BOOKMARK [2][-]{subsection.3.1.3}{\376\377\000E\000s\000e\000r\000c\000i\000z\000i\000o\000\040\0003\000:\000\040\000G\000e\000s\000t\000i\000o\000n\000e\000\040\000d\000e\000g\000l\000i\000\040\000E\000v\000e\000n\000t\000i}{section.3.1}% 30
\BOOKMARK [2][-]{subsection.3.1.4}{\376\377\000E\000s\000e\000r\000c\000i\000z\000i\000o\000\040\0004\000:\000\040\000F\000o\000r\000m\000\040\000M\000o\000d\000u\000l\000a\000r\000e}{section.3.1}% 31
\BOOKMARK [2][-]{subsection.3.1.5}{\376\377\000E\000s\000e\000r\000c\000i\000z\000i\000o\000\040\0005\000:\000\040\000G\000e\000s\000t\000i\000o\000n\000e\000\040\000d\000e\000l\000l\000e\000\040\000l\000i\000s\000t\000e}{section.3.1}% 32
